2025-10-16 10:09:17,496 [INFO] Activator:176 - 


2025-10-16 10:09:17,498 [INFO] Activator:177 - !SESSION log4j initialized
2025-10-16 10:09:19,238 [ERROR] LogOutputStream:75 - [STDERR_REDIRECT] 
2025-10-16 10:09:21,043 [INFO] LogOutputStream:77 - [STDOUT_REDIRECT] 
2025-10-16 10:09:22,986 [INFO] ApplicationProperties:184 - Using Application install path: /Applications/STM32CubeIDE.app/Contents/Eclipse/plugins/com.st.stm32cube.common.mx_6.15.0.202507011659
2025-10-16 10:09:22,999 [INFO] DbMcusXml:78 - Set database path to: /Applications/STM32CubeIDE.app/Contents/Eclipse/plugins/com.st.stm32cube.common.mx_6.15.0.202507011659//db//mcu/
2025-10-16 10:09:23,000 [INFO] ApiDb:274 - Set plugin database path to: /Applications/STM32CubeIDE.app/Contents/Eclipse/plugins/com.st.stm32cube.common.mx_6.15.0.202507011659//db//plugins/boardmanager/
2025-10-16 10:09:23,000 [WARN] ApiDb:259 - Overriding images path with different value:  => /Applications/STM32CubeIDE.app/Contents/Eclipse/plugins/com.st.stm32cube.common.mx_6.15.0.202507011659//db//plugins/mcufinder/images/
2025-10-16 10:09:23,004 [INFO] ApiDb:250 - Set database path to: /Users/davidepievaioli/.stmcufinder/plugins/mcufinder//mcu/
2025-10-16 10:09:23,005 [INFO] DbMcusAds:125 - Set database path to: /Users/davidepievaioli/.stmcufinder/plugins/mcufinder//mcu/
2025-10-16 10:09:23,006 [INFO] CrossReferenceDbSqlite:203 - Set database path to: /Users/davidepievaioli/.stmcufinder/plugins/mcufinder//mcu/cs/
2025-10-16 10:09:23,138 [INFO] RulesReader:64 - Compatibility file has been processed (317 Rules)
2025-10-16 10:09:23,211 [INFO] DbMcusXml:78 - Set database path to: /Applications/STM32CubeIDE.app/Contents/Eclipse/plugins/com.st.stm32cube.common.mx_6.15.0.202507011659//db//mcu/
2025-10-16 10:09:23,211 [INFO] ApiDb:274 - Set plugin database path to: /Applications/STM32CubeIDE.app/Contents/Eclipse/plugins/com.st.stm32cube.common.mx_6.15.0.202507011659//db//plugins/boardmanager/
2025-10-16 10:09:23,212 [INFO] ApiDb:261 - Set plugin images path to: /Applications/STM32CubeIDE.app/Contents/Eclipse/plugins/com.st.stm32cube.common.mx_6.15.0.202507011659//db//plugins/mcufinder/images/
2025-10-16 10:09:23,212 [WARN] DbFile:41 - Overriding database path with different value: /Users/davidepievaioli/.stmcufinder/plugins/mcufinder/ => /Users/davidepievaioli/.stmcufinder/plugins/mcufinder
2025-10-16 10:09:23,213 [INFO] ApiDb:250 - Set database path to: /Users/davidepievaioli/.stmcufinder/plugins/mcufinder//mcu/
2025-10-16 10:09:23,213 [WARN] DbFile:41 - Overriding database path with different value: /Users/davidepievaioli/.stmcufinder/plugins/mcufinder/ => /Users/davidepievaioli/.stmcufinder/plugins/mcufinder
2025-10-16 10:09:23,213 [INFO] DbMcusAds:125 - Set database path to: /Users/davidepievaioli/.stmcufinder/plugins/mcufinder//mcu/
2025-10-16 10:09:23,213 [WARN] DbFile:41 - Overriding database path with different value: /Users/davidepievaioli/.stmcufinder/plugins/mcufinder/ => /Users/davidepievaioli/.stmcufinder/plugins/mcufinder
2025-10-16 10:09:23,213 [WARN] DbFile:41 - Overriding database path with different value: /Users/davidepievaioli/.stmcufinder/plugins/mcufinder/ => /Users/davidepievaioli/.stmcufinder/plugins/mcufinder
2025-10-16 10:09:23,213 [INFO] CrossReferenceDbSqlite:203 - Set database path to: /Users/davidepievaioli/.stmcufinder/plugins/mcufinder//mcu/cs/
2025-10-16 10:09:23,296 [INFO] MainPanel:274 - HeapMemory: 268435456
2025-10-16 10:09:23,824 [INFO] DbMcusXml:78 - Set database path to: /Applications/STM32CubeIDE.app/Contents/Eclipse/plugins/com.st.stm32cube.common.mx_6.15.0.202507011659//db//mcu/
2025-10-16 10:09:23,824 [INFO] ApiDb:274 - Set plugin database path to: /Applications/STM32CubeIDE.app/Contents/Eclipse/plugins/com.st.stm32cube.common.mx_6.15.0.202507011659//db//plugins/boardmanager/
2025-10-16 10:09:23,825 [INFO] ApiDb:261 - Set plugin images path to: /Applications/STM32CubeIDE.app/Contents/Eclipse/plugins/com.st.stm32cube.common.mx_6.15.0.202507011659//db//plugins/mcufinder/images/
2025-10-16 10:09:23,825 [WARN] DbFile:41 - Overriding database path with different value: /Users/davidepievaioli/.stmcufinder/plugins/mcufinder/ => /Users/davidepievaioli/.stmcufinder/plugins/mcufinder
2025-10-16 10:09:23,825 [INFO] ApiDb:250 - Set database path to: /Users/davidepievaioli/.stmcufinder/plugins/mcufinder//mcu/
2025-10-16 10:09:23,826 [WARN] DbFile:41 - Overriding database path with different value: /Users/davidepievaioli/.stmcufinder/plugins/mcufinder/ => /Users/davidepievaioli/.stmcufinder/plugins/mcufinder
2025-10-16 10:09:23,826 [INFO] DbMcusAds:125 - Set database path to: /Users/davidepievaioli/.stmcufinder/plugins/mcufinder//mcu/
2025-10-16 10:09:23,826 [WARN] DbFile:41 - Overriding database path with different value: /Users/davidepievaioli/.stmcufinder/plugins/mcufinder/ => /Users/davidepievaioli/.stmcufinder/plugins/mcufinder
2025-10-16 10:09:23,826 [WARN] DbFile:41 - Overriding database path with different value: /Users/davidepievaioli/.stmcufinder/plugins/mcufinder/ => /Users/davidepievaioli/.stmcufinder/plugins/mcufinder
2025-10-16 10:09:23,826 [INFO] CrossReferenceDbSqlite:203 - Set database path to: /Users/davidepievaioli/.stmcufinder/plugins/mcufinder//mcu/cs/
2025-10-16 10:09:24,097 [INFO] ApplicationProperties:184 - Using Application install path: /Applications/STM32CubeIDE.app/Contents/Eclipse/plugins/com.st.stm32cube.common.mx_6.15.0.202507011659
2025-10-16 10:09:24,103 [INFO] PluginManage:196 - Search for loadable plugins [exclusion list=, ]
2025-10-16 10:09:24,110 [INFO] PluginManage:310 - Check plugin analytics
2025-10-16 10:09:24,491 [INFO] AnalyticsPlugin:253 - Accepted Software Licenses: STM32CubeMX.6.15.0
2025-10-16 10:09:24,493 [INFO] AnalyticsPlugin:255 - Accepted CMSIS Pack Licenses: 
2025-10-16 10:09:24,493 [INFO] AnalyticsPlugin:257 - Accepted Firmware Licenses: 
2025-10-16 10:09:24,506 [INFO] PluginManage:359 - Loaded plugin analytics (category:tool,tabindex:-1)
2025-10-16 10:09:24,512 [INFO] PluginManage:310 - Check plugin cadmodel
2025-10-16 10:09:24,537 [INFO] CADModel:105 - Init CAD model plugin
2025-10-16 10:09:24,538 [INFO] PluginManage:359 - Loaded plugin cadmodel (category:power,tabindex:5)
2025-10-16 10:09:24,539 [INFO] PluginManage:310 - Check plugin clock
2025-10-16 10:09:24,561 [INFO] PluginManage:359 - Loaded plugin clock (category:base,tabindex:2)
2025-10-16 10:09:24,562 [INFO] PluginManage:310 - Check plugin ddr
2025-10-16 10:09:24,586 [INFO] PluginManage:359 - Loaded plugin ddr (category:tool,tabindex:6)
2025-10-16 10:09:24,596 [INFO] PluginManage:310 - Check plugin filemanager
2025-10-16 10:09:24,783 [INFO] PluginManage:359 - Loaded plugin filemanager (category:base,tabindex:10)
2025-10-16 10:09:24,784 [INFO] PluginManage:310 - Check plugin ipmanager
2025-10-16 10:09:24,793 [INFO] PluginManage:359 - Loaded plugin ipmanager (category:base,tabindex:5)
2025-10-16 10:09:24,793 [INFO] PluginManage:310 - Check plugin lpbam
2025-10-16 10:09:24,807 [INFO] PluginManage:359 - Loaded plugin lpbam (category:base,tabindex:0)
2025-10-16 10:09:24,807 [INFO] PluginManage:310 - Check plugin memorymap
2025-10-16 10:09:24,815 [INFO] PluginManage:359 - Loaded plugin memorymap (category:base,tabindex:4)
2025-10-16 10:09:24,816 [INFO] PluginManage:310 - Check plugin pinoutandconfiguration
2025-10-16 10:09:24,824 [INFO] PluginManage:359 - Loaded plugin pinoutandconfiguration (category:base,tabindex:1)
2025-10-16 10:09:24,824 [INFO] PluginManage:310 - Check plugin pinoutconfig
2025-10-16 10:09:24,920 [WARN] SupportedApi:132 - Cannot load RTOS API schema: s4s-elt-must-match.1: The content of 'definitions' must match (annotation?, (simpleType | complexType)?, (unique | key | keyref)*)). A problem was found starting at: attribute.
2025-10-16 10:09:25,074 [INFO] PluginManage:359 - Loaded plugin pinoutconfig (category:base,tabindex:0)
2025-10-16 10:09:25,075 [INFO] PluginManage:310 - Check plugin power
2025-10-16 10:09:25,087 [INFO] PluginManage:359 - Loaded plugin power (category:power,tabindex:4)
2025-10-16 10:09:25,087 [INFO] PluginManage:310 - Check plugin projectmanager
2025-10-16 10:09:25,118 [INFO] PluginManage:359 - Loaded plugin projectmanager (category:projectmanager,tabindex:4)
2025-10-16 10:09:25,118 [INFO] PluginManage:310 - Check plugin rif
2025-10-16 10:09:25,125 [INFO] PluginManage:359 - Loaded plugin rif (category:base,tabindex:3)
2025-10-16 10:09:25,125 [INFO] PluginManage:310 - Check plugin thirdparty
2025-10-16 10:09:25,280 [INFO] PluginManage:359 - Loaded plugin thirdparty (category:base,tabindex:-1)
2025-10-16 10:09:25,281 [INFO] PluginManage:310 - Check plugin tools
2025-10-16 10:09:25,280 [WARN] IntegrityCheckThread:84 - waiting for thirdparty lock release [integrity check]
2025-10-16 10:09:25,281 [INFO] IntegrityCheckThread:86 - entering critical section [integrity check]
2025-10-16 10:09:25,282 [INFO] ThirdPartyUpdaterWithRetryManager:70 - Updater plugin not ready yet. [1/15]
2025-10-16 10:09:25,283 [INFO] PluginManage:359 - Loaded plugin tools (category:base,tabindex:7)
2025-10-16 10:09:25,283 [INFO] PluginManage:310 - Check plugin tutovideos
2025-10-16 10:09:25,441 [INFO] PluginManage:359 - Loaded plugin tutovideos (category:base,tabindex:-1)
2025-10-16 10:09:25,441 [INFO] PluginManage:310 - Check plugin updater
2025-10-16 10:09:25,467 [INFO] PluginManage:359 - Loaded plugin updater (category:base,tabindex:12)
2025-10-16 10:09:25,467 [INFO] PluginManage:310 - Check plugin userauth
2025-10-16 10:09:25,472 [INFO] UserAuth:118 - Init User Auth plugin
2025-10-16 10:09:25,473 [INFO] PluginManage:359 - Loaded plugin userauth (category:base,tabindex:14)
2025-10-16 10:09:25,475 [INFO] PluginManage:283 - PluginManage : Loaded plugins [18]
2025-10-16 10:09:25,688 [INFO] PinOutPanel:1589 - setPackage(No Configuration,No Configuration)
2025-10-16 10:09:25,762 [INFO] CADModel:165 - CPN selected for project level
2025-10-16 10:09:25,762 [INFO] CADModel:114 - Register for checkConnection events
2025-10-16 10:09:25,772 [INFO] IPUIPlugin:80 - create IPUIPlugin
2025-10-16 10:09:25,772 [INFO] PluginManager:220 - loadIPPluginJar : add mdma
2025-10-16 10:09:25,777 [INFO] IPUIPlugin:80 - create IPUIPlugin
2025-10-16 10:09:25,777 [INFO] PluginManager:220 - loadIPPluginJar : add freertos
2025-10-16 10:09:25,780 [INFO] IPUIPlugin:80 - create IPUIPlugin
2025-10-16 10:09:25,781 [INFO] PluginManager:220 - loadIPPluginJar : add gic
2025-10-16 10:09:25,786 [INFO] IPUIPlugin:80 - create IPUIPlugin
2025-10-16 10:09:25,786 [INFO] PluginManager:220 - loadIPPluginJar : add adc
2025-10-16 10:09:25,787 [INFO] IPUIPlugin:80 - create IPUIPlugin
2025-10-16 10:09:25,787 [INFO] PluginManager:220 - loadIPPluginJar : add gtzc
2025-10-16 10:09:25,788 [INFO] IPUIPlugin:80 - create IPUIPlugin
2025-10-16 10:09:25,788 [INFO] PluginManager:220 - loadIPPluginJar : add quadspi
2025-10-16 10:09:25,789 [INFO] IPUIPlugin:80 - create IPUIPlugin
2025-10-16 10:09:25,789 [INFO] PluginManager:220 - loadIPPluginJar : add aes
2025-10-16 10:09:25,791 [INFO] IPUIPlugin:80 - create IPUIPlugin
2025-10-16 10:09:25,791 [INFO] PluginManager:220 - loadIPPluginJar : add pdm2pcm
2025-10-16 10:09:25,792 [INFO] IPUIPlugin:80 - create IPUIPlugin
2025-10-16 10:09:25,792 [INFO] PluginManager:220 - loadIPPluginJar : add hash
2025-10-16 10:09:25,793 [INFO] IPUIPlugin:80 - create IPUIPlugin
2025-10-16 10:09:25,793 [INFO] PluginManager:220 - loadIPPluginJar : add tim
2025-10-16 10:09:25,793 [INFO] IPUIPlugin:80 - create IPUIPlugin
2025-10-16 10:09:25,793 [INFO] PluginManager:220 - loadIPPluginJar : add tsc
2025-10-16 10:09:25,795 [INFO] IPUIPlugin:80 - create IPUIPlugin
2025-10-16 10:09:25,795 [INFO] PluginManager:220 - loadIPPluginJar : add extmemmanager
2025-10-16 10:09:25,797 [INFO] IPUIPlugin:80 - create IPUIPlugin
2025-10-16 10:09:25,797 [INFO] PluginManager:220 - loadIPPluginJar : add ts
2025-10-16 10:09:25,797 [INFO] IPUIPlugin:80 - create IPUIPlugin
2025-10-16 10:09:25,798 [INFO] PluginManager:220 - loadIPPluginJar : add radio
2025-10-16 10:09:25,798 [INFO] IPUIPlugin:80 - create IPUIPlugin
2025-10-16 10:09:25,799 [INFO] PluginManager:220 - loadIPPluginJar : add can
2025-10-16 10:09:25,799 [INFO] IPUIPlugin:80 - create IPUIPlugin
2025-10-16 10:09:25,799 [INFO] PluginManager:220 - loadIPPluginJar : add dma3
2025-10-16 10:09:25,800 [INFO] IPUIPlugin:80 - create IPUIPlugin
2025-10-16 10:09:25,800 [INFO] PluginManager:220 - loadIPPluginJar : add dfsdm
2025-10-16 10:09:25,801 [INFO] IPUIPlugin:80 - create IPUIPlugin
2025-10-16 10:09:25,801 [INFO] PluginManager:220 - loadIPPluginJar : add spi
2025-10-16 10:09:25,803 [INFO] IPUIPlugin:80 - create IPUIPlugin
2025-10-16 10:09:25,803 [INFO] PluginManager:220 - loadIPPluginJar : add gfxmmu
2025-10-16 10:09:25,805 [INFO] IPUIPlugin:80 - create IPUIPlugin
2025-10-16 10:09:25,805 [INFO] PluginManager:220 - loadIPPluginJar : add genericplugin
2025-10-16 10:09:25,806 [INFO] IPUIPlugin:80 - create IPUIPlugin
2025-10-16 10:09:25,806 [INFO] PluginManager:220 - loadIPPluginJar : add cryp
2025-10-16 10:09:25,809 [INFO] IPUIPlugin:80 - create IPUIPlugin
2025-10-16 10:09:25,809 [INFO] PluginManager:220 - loadIPPluginJar : add gpio
2025-10-16 10:09:25,811 [INFO] IPUIPlugin:80 - create IPUIPlugin
2025-10-16 10:09:25,811 [INFO] PluginManager:220 - loadIPPluginJar : add ddr_ctrl_phy
2025-10-16 10:09:25,813 [INFO] IPUIPlugin:80 - create IPUIPlugin
2025-10-16 10:09:25,813 [INFO] PluginManager:220 - loadIPPluginJar : add comp
2025-10-16 10:09:25,814 [INFO] IPUIPlugin:80 - create IPUIPlugin
2025-10-16 10:09:25,815 [INFO] PluginManager:220 - loadIPPluginJar : add tracer_emb
2025-10-16 10:09:25,816 [INFO] IPUIPlugin:80 - create IPUIPlugin
2025-10-16 10:09:25,816 [INFO] PluginManager:220 - loadIPPluginJar : add openamp
2025-10-16 10:09:25,819 [INFO] IPUIPlugin:80 - create IPUIPlugin
2025-10-16 10:09:25,819 [INFO] PluginManager:220 - loadIPPluginJar : add stm32_wpan
2025-10-16 10:09:25,822 [INFO] IPUIPlugin:80 - create IPUIPlugin
2025-10-16 10:09:25,824 [INFO] PluginManager:220 - loadIPPluginJar : add plateformsettings
2025-10-16 10:09:25,827 [INFO] IPUIPlugin:80 - create IPUIPlugin
2025-10-16 10:09:25,827 [INFO] PluginManager:220 - loadIPPluginJar : add ipddr
2025-10-16 10:09:25,828 [INFO] IPUIPlugin:80 - create IPUIPlugin
2025-10-16 10:09:25,828 [INFO] PluginManager:220 - loadIPPluginJar : add usart
2025-10-16 10:09:25,829 [INFO] IPUIPlugin:80 - create IPUIPlugin
2025-10-16 10:09:25,829 [INFO] PluginManager:220 - loadIPPluginJar : add ltdc
2025-10-16 10:09:25,830 [INFO] IPUIPlugin:80 - create IPUIPlugin
2025-10-16 10:09:25,830 [INFO] PluginManager:220 - loadIPPluginJar : add nvic
2025-10-16 10:09:25,831 [INFO] IPUIPlugin:80 - create IPUIPlugin
2025-10-16 10:09:25,831 [INFO] PluginManager:220 - loadIPPluginJar : add fatfs
2025-10-16 10:09:25,835 [INFO] IPUIPlugin:80 - create IPUIPlugin
2025-10-16 10:09:25,835 [INFO] PluginManager:220 - loadIPPluginJar : add linkedlist
2025-10-16 10:09:25,838 [INFO] IPUIPlugin:80 - create IPUIPlugin
2025-10-16 10:09:25,838 [INFO] PluginManager:220 - loadIPPluginJar : add dma
2025-10-16 10:09:25,839 [INFO] IPUIPlugin:80 - create IPUIPlugin
2025-10-16 10:09:25,839 [INFO] PluginManager:220 - loadIPPluginJar : add fmc
2025-10-16 10:09:25,841 [INFO] IPUIPlugin:80 - create IPUIPlugin
2025-10-16 10:09:25,841 [INFO] PluginManager:220 - loadIPPluginJar : add i2s
2025-10-16 10:09:25,842 [INFO] IPUIPlugin:80 - create IPUIPlugin
2025-10-16 10:09:25,842 [INFO] PluginManager:220 - loadIPPluginJar : add ucpd
2025-10-16 10:09:25,843 [INFO] IPUIPlugin:80 - create IPUIPlugin
2025-10-16 10:09:25,843 [INFO] PluginManager:220 - loadIPPluginJar : add lorawan
2025-10-16 10:09:25,844 [INFO] IPUIPlugin:80 - create IPUIPlugin
2025-10-16 10:09:25,845 [INFO] PluginManager:220 - loadIPPluginJar : add opamp
2025-10-16 10:09:25,846 [INFO] IPUIPlugin:80 - create IPUIPlugin
2025-10-16 10:09:25,847 [INFO] PluginManager:220 - loadIPPluginJar : add i3c
2025-10-16 10:09:25,850 [INFO] IPUIPlugin:80 - create IPUIPlugin
2025-10-16 10:09:25,850 [INFO] PluginManager:220 - loadIPPluginJar : add touchsensing
2025-10-16 10:09:25,852 [INFO] IPUIPlugin:80 - create IPUIPlugin
2025-10-16 10:09:25,852 [INFO] PluginManager:220 - loadIPPluginJar : add i2c
2025-10-16 10:09:25,854 [INFO] IPUIPlugin:80 - create IPUIPlugin
2025-10-16 10:09:25,854 [INFO] PluginManager:220 - loadIPPluginJar : add resmgrutility
2025-10-16 10:09:25,856 [INFO] IPUIPlugin:80 - create IPUIPlugin
2025-10-16 10:09:25,856 [INFO] PluginManager:220 - loadIPPluginJar : add sai
2025-10-16 10:09:25,857 [INFO] IPUIPlugin:80 - create IPUIPlugin
2025-10-16 10:09:25,857 [INFO] PluginManager:220 - loadIPPluginJar : add usbx
2025-10-16 10:09:25,973 [FATAL] Updater:351 - Updater called before beeing initialized
2025-10-16 10:09:26,037 [INFO] RulesReader:64 - Compatibility file has been processed (317 Rules)
2025-10-16 10:09:26,051 [INFO] RulesReader:64 - Compatibility file has been processed (317 Rules)
2025-10-16 10:09:26,062 [INFO] CADModel:165 - CPN selected for project level
2025-10-16 10:09:26,062 [INFO] CADModel:114 - Register for checkConnection events
2025-10-16 10:09:26,062 [FATAL] Updater:351 - Updater called before beeing initialized
2025-10-16 10:09:26,062 [ERROR] CADModel:125 - Updater not yet initialized, retry later 
2025-10-16 10:09:26,688 [FATAL] Updater:351 - Updater called before beeing initialized
2025-10-16 10:09:26,689 [INFO] CADModel:165 - CPN selected for project level
2025-10-16 10:09:26,690 [INFO] CADModel:114 - Register for checkConnection events
2025-10-16 10:09:26,690 [FATAL] Updater:351 - Updater called before beeing initialized
2025-10-16 10:09:26,690 [ERROR] CADModel:125 - Updater not yet initialized, retry later 
2025-10-16 10:09:26,692 [FATAL] Updater:351 - Updater called before beeing initialized
2025-10-16 10:09:26,821 [FATAL] Updater:351 - Updater called before beeing initialized
2025-10-16 10:09:26,825 [INFO] DbMcusAds:53 - JSON generation date=Thu Oct 02 11:36:05 CEST 2025 (1759397765045)
2025-10-16 10:09:26,825 [FATAL] Updater:351 - Updater called before beeing initialized
2025-10-16 10:09:26,967 [WARN] DetailPanel:346 - Failed to get advertising image, set to default
2025-10-16 10:09:27,161 [FATAL] Updater:351 - Updater called before beeing initialized
2025-10-16 10:09:27,180 [FATAL] Updater:351 - Updater called before beeing initialized
2025-10-16 10:09:27,181 [FATAL] Updater:351 - Updater called before beeing initialized
2025-10-16 10:09:27,182 [WARN] DetailPanel:346 - Failed to get advertising image, set to default
2025-10-16 10:09:27,185 [FATAL] Updater:351 - Updater called before beeing initialized
2025-10-16 10:09:27,381 [ERROR] Updater:1198 - MainUpdater not yet initialized. External WinMGr cannot be set.
2025-10-16 10:09:27,394 [INFO] Updater:1134 - Updater Version found : 6.15.0
2025-10-16 10:09:27,410 [INFO] ApplicationProperties:184 - Using Application install path: /Applications/STM32CubeIDE.app/Contents/Eclipse/plugins/com.st.stm32cube.common.mx_6.15.0.202507011659
2025-10-16 10:09:27,808 [INFO] MainUpdater:2872 - connection check result : 10
2025-10-16 10:09:27,809 [INFO] MainUpdater:289 - Updater Check For Update Now.
2025-10-16 10:09:27,809 [INFO] MicroXplorer:498 - Change Database Version : DB.6.0.150
2025-10-16 10:09:27,814 [INFO] McuFinderGlobals:63 - Set McuFinder mode to 2 (CubeIDE integrated)
2025-10-16 10:09:27,814 [INFO] UserAuth:171 - activating auth plugin
2025-10-16 10:09:28,076 [INFO] CheckServerUpdateThread:120 - End of CheckServer Thread
2025-10-16 10:09:28,307 [INFO] UserAuth:487 - Internet connection configuration mode: 1
2025-10-16 10:09:28,323 [INFO] JxBrowserEngine:152 - Initiate JxBrowser Engine with user profile folder
2025-10-16 10:09:28,515 [WARN] PackLoader:240 - Cannot read IP mode file for STMicroelectronics.FP-SNS-MOTENVWB1.1.4.0
2025-10-16 10:09:28,550 [WARN] PackLoader:240 - Cannot read IP mode file for STMicroelectronics.FP-ATR-ASTRA1.2.0.2
2025-10-16 10:09:28,568 [WARN] PackLoader:240 - Cannot read IP mode file for STMicroelectronics.X-CUBE-SMBUS.2.1.0
2025-10-16 10:09:28,574 [WARN] PackLoader:240 - Cannot read IP mode file for STMicroelectronics.X-CUBE-ST60.1.0.0
2025-10-16 10:09:28,615 [WARN] PackLoader:240 - Cannot read IP mode file for STMicroelectronics.X-CUBE-AZRTOS-F7.1.1.0
2025-10-16 10:09:28,644 [WARN] PackLoader:240 - Cannot read IP mode file for Cesanta.I-CUBE-Mongoose.7.19.0
2025-10-16 10:09:28,659 [WARN] PackLoader:240 - Cannot read IP mode file for WES.I-CUBE-Cesium.1.4.0
2025-10-16 10:09:28,701 [WARN] PackLoader:240 - Cannot read IP mode file for Infineon.AIROC-Wi-Fi-Bluetooth-STM32.1.7.1
2025-10-16 10:09:28,787 [WARN] PackLoader:240 - Cannot read IP mode file for STMicroelectronics.X-CUBE-AZRTOS-H7.3.4.0
2025-10-16 10:09:28,826 [WARN] PackLoader:240 - Cannot read IP mode file for STMicroelectronics.X-CUBE-DISPLAY.3.0.0
2025-10-16 10:09:28,858 [WARN] PackLoader:240 - Cannot read IP mode file for STMicroelectronics.X-CUBE-NFC10.1.0.0
2025-10-16 10:09:28,877 [WARN] PackLoader:240 - Cannot read IP mode file for emotas.I-CUBE-CANOPEN.1.3.0
2025-10-16 10:09:28,897 [WARN] PackLoader:240 - Cannot read IP mode file for STMicroelectronics.FP-SNS-STBOX1.2.1.0
2025-10-16 10:09:28,905 [WARN] PackLoader:240 - Cannot read IP mode file for STMicroelectronics.FP-SNS-SMARTAG2.1.2.0
2025-10-16 10:09:28,916 [WARN] PackLoader:240 - Cannot read IP mode file for STMicroelectronics.FP-SNS-FLIGHT1.5.1.0
2025-10-16 10:09:28,926 [INFO] LogOutputStream:77 - [STDOUT_REDIRECT] 1 : Invalid condition id : UX_CORESTACK_Condition cause : null
2025-10-16 10:09:28,928 [INFO] LogOutputStream:77 - [STDOUT_REDIRECT] 1 : Invalid condition id : UX_CORESTACK_Condition cause : null
2025-10-16 10:09:28,928 [INFO] LogOutputStream:77 - [STDOUT_REDIRECT] 1 : Invalid condition id : UX_CORESTACK_Condition cause : null
2025-10-16 10:09:28,928 [INFO] LogOutputStream:77 - [STDOUT_REDIRECT] 1 : Invalid condition id : UX_CORESTACK_Condition cause : null
2025-10-16 10:09:28,928 [INFO] LogOutputStream:77 - [STDOUT_REDIRECT] 1 : Invalid condition id : UX_CORESTACK_Condition cause : null
2025-10-16 10:09:28,936 [WARN] PackLoader:240 - Cannot read IP mode file for STMicroelectronics.X-CUBE-AZRTOS-WL.2.0.0
2025-10-16 10:09:28,949 [WARN] PackLoader:240 - Cannot read IP mode file for STMicroelectronics.FP-SNS-MOTENV1.5.0.0
2025-10-16 10:09:28,959 [WARN] PackLoader:240 - Cannot read IP mode file for STMicroelectronics.X-CUBE-BLE2.3.3.0
2025-10-16 10:09:28,969 [WARN] PackLoader:240 - Cannot read IP mode file for STMicroelectronics.X-CUBE-NFC9.1.0.0
2025-10-16 10:09:28,981 [WARN] PackLoader:240 - Cannot read IP mode file for wolfSSL.I-CUBE-wolfSSL.5.8.2
2025-10-16 10:09:28,998 [WARN] PackLoader:240 - Cannot read IP mode file for STMicroelectronics.X-CUBE-BLE1.7.1.0
2025-10-16 10:09:29,008 [WARN] PackLoader:240 - Cannot read IP mode file for wolfSSL.I-CUBE-wolfMQTT.1.19.2
2025-10-16 10:09:29,015 [WARN] PackLoader:240 - Cannot read IP mode file for STMicroelectronics.X-CUBE-EEPRMA1.5.2.0
2025-10-16 10:09:29,025 [WARN] PackLoader:240 - Cannot read IP mode file for STMicroelectronics.X-CUBE-ST67W61.1.1.0
2025-10-16 10:09:29,045 [WARN] PackLoader:240 - Cannot read IP mode file for STMicroelectronics.X-CUBE-AZRTOS-G0.1.1.0
2025-10-16 10:09:29,062 [WARN] PackLoader:240 - Cannot read IP mode file for STMicroelectronics.X-CUBE-SAFEA1.1.2.2
2025-10-16 10:09:29,074 [WARN] PackLoader:240 - Cannot read IP mode file for STMicroelectronics.X-CUBE-NFC4.3.0.0
2025-10-16 10:09:29,087 [WARN] PackLoader:240 - Cannot read IP mode file for EmbeddedOffice.I-CUBE-FS-RTOS.1.0.1
2025-10-16 10:09:29,097 [WARN] PackLoader:240 - Cannot read IP mode file for STMicroelectronics.X-CUBE-WB05N.2.0.0
2025-10-16 10:09:29,104 [WARN] PackLoader:240 - Cannot read IP mode file for wolfSSL.I-CUBE-wolfTPM.3.8.0
2025-10-16 10:09:29,109 [WARN] PackLoader:240 - Cannot read IP mode file for STMicroelectronics.X-CUBE-TCPP.4.2.0
2025-10-16 10:09:29,114 [WARN] PackLoader:240 - Cannot read IP mode file for RealThread.X-CUBE-RT-Thread_Nano.4.1.1
2025-10-16 10:09:29,116 [WARN] PackLoader:240 - Cannot read IP mode file for STMicroelectronics.FP-ATR-SIGFOX1.3.2.0
2025-10-16 10:09:29,121 [WARN] PackLoader:240 - Cannot read IP mode file for ITTIA_DB.I-CUBE-ITTIADB.8.9.0
2025-10-16 10:09:29,127 [WARN] PackLoader:240 - Cannot read IP mode file for STMicroelectronics.X-CUBE-ST67W61.1.0.0
2025-10-16 10:09:29,131 [WARN] PackLoader:240 - Cannot read IP mode file for STMicroelectronics.X-CUBE-AI.10.2.0
2025-10-16 10:09:29,185 [WARN] PackLoader:240 - Cannot read IP mode file for SEGGER.I-CUBE-embOS.1.3.1
2025-10-16 10:09:29,238 [WARN] PackLoader:240 - Cannot read IP mode file for STMicroelectronics.X-CUBE-ALGOBUILD.1.4.0
2025-10-16 10:09:29,347 [WARN] PackLoader:240 - Cannot read IP mode file for STMicroelectronics.X-CUBE-MEMS1.11.3.0
2025-10-16 10:09:29,455 [WARN] PackLoader:240 - Cannot read IP mode file for STMicroelectronics.X-CUBE-PM33A1.1.0.0
2025-10-16 10:09:29,475 [WARN] PackLoader:240 - Cannot read IP mode file for STMicroelectronics.X-CUBE-AZRTOS-F4.1.1.0
2025-10-16 10:09:29,481 [WARN] PackLoader:240 - Cannot read IP mode file for Avnet-IotConnect.X-CUBE-IoTC-DA16k-PMOD.1.0.0
2025-10-16 10:09:29,486 [WARN] PackLoader:240 - Cannot read IP mode file for STMicroelectronics.X-CUBE-ISPU.2.1.0
2025-10-16 10:09:29,503 [WARN] PackLoader:240 - Cannot read IP mode file for STMicroelectronics.X-CUBE-IPS.3.2.0
2025-10-16 10:09:29,516 [WARN] PackLoader:240 - Cannot read IP mode file for STMicroelectronics.X-CUBE-NFC12.1.0.0
2025-10-16 10:09:29,537 [WARN] PackLoader:240 - Cannot read IP mode file for STMicroelectronics.X-CUBE-AZRTOS-L5.2.0.0
2025-10-16 10:09:29,564 [WARN] PackLoader:240 - Cannot read IP mode file for STMicroelectronics.X-CUBE-NFC6.3.1.0
2025-10-16 10:09:29,575 [WARN] PackLoader:240 - Cannot read IP mode file for STMicroelectronics.X-CUBE-FREERTOS.1.3.1
2025-10-16 10:09:29,579 [WARN] PackLoader:240 - Cannot read IP mode file for STMicroelectronics.X-CUBE-TOUCHGFX.4.26.0
2025-10-16 10:09:29,584 [WARN] PackLoader:240 - Cannot read IP mode file for STMicroelectronics.FP-SNS-STAIOTCFT.1.0.0
2025-10-16 10:09:29,589 [WARN] PackLoader:240 - Cannot read IP mode file for STMicroelectronics.X-CUBE-DPower.1.3.0
2025-10-16 10:09:29,611 [WARN] ConditionMgr:438 - getConditionDescription Invalid condition id : LAN8742 Phy interface Condition cause : null
2025-10-16 10:09:29,613 [WARN] PackLoader:240 - Cannot read IP mode file for STMicroelectronics.X-CUBE-AZRTOS-L4.2.0.0
2025-10-16 10:09:29,616 [WARN] ConditionMgr:1044 - genDependencies : Invalid condition id : LAN8742 Phy interface Condition cause : null
2025-10-16 10:09:29,617 [WARN] ConditionMgr:1044 - genDependencies : Invalid condition id : LAN8742 Phy interface Condition cause : null
2025-10-16 10:09:29,618 [WARN] ConditionMgr:1044 - genDependencies : Invalid condition id : LAN8742 Phy interface Condition cause : null
2025-10-16 10:09:29,633 [WARN] PackLoader:240 - Cannot read IP mode file for STMicroelectronics.X-CUBE-SFXS2LP1.4.0.0
2025-10-16 10:09:29,651 [WARN] PackLoader:240 - Cannot read IP mode file for STMicroelectronics.X-CUBE-BLEMGR.4.1.0
2025-10-16 10:09:29,828 [WARN] ConditionMgr:438 - getConditionDescription Invalid condition id : UX DEVICE CLASS RTOS Condition cause : null
2025-10-16 10:09:29,840 [WARN] ConditionMgr:438 - getConditionDescription Invalid condition id : UX DEVICE CLASS RTOS Condition cause : null
2025-10-16 10:09:29,849 [WARN] PackLoader:240 - Cannot read IP mode file for STMicroelectronics.X-CUBE-AZRTOS-WB.2.0.0
2025-10-16 10:09:29,857 [WARN] ConditionMgr:1044 - genDependencies : Invalid condition id : UX DEVICE CLASS RTOS Condition cause : null
2025-10-16 10:09:29,858 [WARN] ConditionMgr:1044 - genDependencies : Invalid condition id : UX DEVICE CLASS RTOS Condition cause : null
2025-10-16 10:09:29,859 [WARN] ConditionMgr:1044 - genDependencies : Invalid condition id : UX DEVICE CLASS RTOS Condition cause : null
2025-10-16 10:09:29,860 [WARN] ConditionMgr:1044 - genDependencies : Invalid condition id : UX DEVICE CLASS RTOS Condition cause : null
2025-10-16 10:09:29,860 [WARN] ConditionMgr:1044 - genDependencies : Invalid condition id : UX DEVICE CLASS RTOS Condition cause : null
2025-10-16 10:09:30,001 [WARN] PackLoader:240 - Cannot read IP mode file for STMicroelectronics.X-CUBE-GNSS1.7.0.1
2025-10-16 10:09:30,017 [WARN] PackLoader:240 - Cannot read IP mode file for STMicroelectronics.X-CUBE-TOUCHGFX.4.25.0
2025-10-16 10:09:30,028 [WARN] ConditionMgr:438 - getConditionDescription Invalid condition id : Cortex-A Device cause : null
2025-10-16 10:09:30,105 [WARN] ConditionMgr:1044 - genDependencies : Invalid condition id : Cortex-A Device cause : null
2025-10-16 10:09:30,105 [WARN] ConditionMgr:1044 - genDependencies : Invalid condition id : Cortex-A Device cause : null
2025-10-16 10:09:30,105 [WARN] ConditionMgr:1044 - genDependencies : Invalid condition id : Cortex-A Device cause : null
2025-10-16 10:09:30,128 [WARN] PackLoader:240 - Cannot read IP mode file for STMicroelectronics.X-CUBE-SUBG2.5.0.0
2025-10-16 10:09:30,163 [WARN] PackLoader:240 - Cannot read IP mode file for STMicroelectronics.X-CUBE-AZRTOS-H7RS.1.1.0
2025-10-16 10:09:30,186 [WARN] PackLoader:240 - Cannot read IP mode file for STMicroelectronics.X-CUBE-AZRTOS-G4.2.0.0
2025-10-16 10:09:30,193 [WARN] PackLoader:240 - Cannot read IP mode file for wolfSSL.I-CUBE-wolfSSH.1.4.20
2025-10-16 10:09:30,196 [WARN] PackLoader:240 - Cannot read IP mode file for STMicroelectronics.X-CUBE-NFC7.2.0.0
2025-10-16 10:09:30,209 [WARN] PackLoader:240 - Cannot read IP mode file for STMicroelectronics.X-CUBE-IPS.3.1.0
2025-10-16 10:09:30,218 [WARN] PackLoader:240 - Cannot read IP mode file for STMicroelectronics.X-CUBE-ALS.1.0.2
2025-10-16 10:09:30,231 [WARN] PackLoader:240 - Cannot read IP mode file for STMicroelectronics.X-CUBE-STSE01.1.0.0
2025-10-16 10:09:30,245 [WARN] PackLoader:240 - Cannot read IP mode file for STMicroelectronics.X-CUBE-TOF1.3.4.3
2025-10-16 10:09:30,254 [INFO] ThirdParty:978 - Integrity check success = true
2025-10-16 10:09:30,255 [INFO] IntegrityCheckThread:100 - exiting critical section [integrity check]
2025-10-16 10:09:30,255 [INFO] IntegrityCheckThread:103 - End integrity checks thread
2025-10-16 10:09:33,359 [INFO] WebApp:169 - Instantiating new browser for Auth
2025-10-16 10:09:35,184 [INFO] WebApp:463 - Apply proxy settings
2025-10-16 10:09:35,209 [INFO] WebApp:508 - Chromium authenticates against Manually configured proxy
2025-10-16 10:09:35,224 [INFO] WebApp:516 - Username used for proxy authentication: 
2025-10-16 10:09:35,272 [INFO] WebApp:900 - Register for checkConnection events
2025-10-16 10:09:35,274 [INFO] WebApp:463 - Apply proxy settings
2025-10-16 10:09:35,281 [INFO] WebApp:508 - Chromium authenticates against Manually configured proxy
2025-10-16 10:09:35,282 [INFO] WebApp:516 - Username used for proxy authentication: 
2025-10-16 10:09:35,459 [INFO] WebApp:225 - Starting web application
2025-10-16 10:09:35,460 [INFO] WebApp:593 - Web application path used /Applications/STM32CubeIDE.app/Contents/Eclipse/plugins/com.st.stm32cube.common.mx_6.15.0.202507011659/db/plugins/mcufinder/reactClient1/index.html
2025-10-16 10:09:37,053 [INFO] WebApp:191 - Connection restablished
